Arguments: 
  C:\Program Files\nodejs\node.exe C:\Users\BiLab\AppData\Local\node\corepack\yarn\1.22.19\bin\yarn.js add nodemon

PATH: 
  C:\app\BiLab\product\21c\dbhomeXE\bin;C:\Python312\Scripts\;C:\Python312\;C:\WINDOWS\system32;C:\WINDOWS;C:\WINDOWS\System32\Wbem;C:\WINDOWS\System32\WindowsPowerShell\v1.0\;C:\WINDOWS\System32\OpenSSH\;C:\ProgramData\chocolatey\bin;C:\Program Files\nodejs\;C:\Program Files\Git\cmd;C:\Program Files\Microsoft SQL Server\150\Tools\Binn\;C:\Program Files\Microsoft SQL Server\Client SDK\ODBC\170\Tools\Binn\;C:\Program Files (x86)\Windows Kits\10\Windows Performance Toolkit\;‪C:\Windows\System32\wsl.exe;C:\Program Files\PuTTY\;C:\Python312\Lib\site-packages\pyenv-win;;C:\Program Files\Docker\Docker\resources\bin;C:\Users\BiLab\AppData\Local\Programs\Python\Python311\Scripts\;C:\Users\BiLab\AppData\Local\Programs\Python\Python311\;C:\Users\BiLab\AppData\Local\Microsoft\WindowsApps;C:\Users\BiLab\AppData\Roaming\npm;C:\Users\BiLab\AppData\Local\Programs\Microsoft VS Code\bin;C:\Program Files\JetBrains\IntelliJ IDEA Community Edition 2023.3.1\bin;;C:\Users\BiLab\AppData\Local\Programs\oh-my-posh\bin

Yarn version: 
  1.22.19

Node version: 
  21.1.0

Platform: 
  win32 x64

Trace: 
  Error: https://registry.npmjs.org/coolsms-node-sdk: tunneling socket could not be established, cause=getaddrinfo ENOTFOUND your_proxy_address
      at ClientRequest.onError (C:\Users\BiLab\AppData\Local\node\corepack\yarn\1.22.19\lib\cli.js:152376:17)
      at Object.onceWrapper (node:events:630:26)
      at ClientRequest.emit (node:events:515:28)
      at Socket.socketErrorListener (node:_http_client:495:9)
      at Socket.emit (node:events:515:28)
      at emitErrorNT (node:internal/streams/destroy:151:8)
      at emitErrorCloseNT (node:internal/streams/destroy:116:3)
      at process.processTicksAndRejections (node:internal/process/task_queues:82:21)

npm manifest: 
  {
    "name": "03-01-rest-api-with-express",
    "version": "1.0.0",
    "main": "email.js",
    "license": "MIT",
    "type": "module",
    "scripts": {
      "start:dev": "nodemon email.js"
    },
    "dependencies": {
      "coolsms-node-sdk": "^2.0.1",
      "cors": "^2.8.5",
      "express": "4.18.2",
      "nodemailer": "^6.9.0",
      "swagger-jsdoc": "^6.2.7",
      "swagger-ui-express": "^4.6.0"
    },
    "devDependencies": {},
    "author": "",
    "description": ""
  }

yarn manifest: 
  No manifest

Lockfile: 
  No lockfile
